Arguments: 
  C:\Program Files\nodejs\node.exe C:\Users\anpka\AppData\Roaming\npm\node_modules\yarn\bin\yarn.js

PATH: 
  C:\WINDOWS\system32;C:\WINDOWS;C:\WINDOWS\System32\Wbem;C:\WINDOWS\System32\WindowsPowerShell\v1.0\;C:\WINDOWS\System32\OpenSSH\;C:\Program Files\nodejs\;C:\Program Files\Git\cmd;C:\Program Files\swipl\bin;C:\Program Files\MongoDB\Server\6.0\bin;C:\Users\anpka\AppData\Local\Microsoft\WindowsApps;C:\Users\anpka\AppData\Roaming\npm;C:\Users\anpka\AppData\Local\Programs\Microsoft VS Code\bin;C:\Program Files (x86)\Sophos\Sophos SSL VPN Client\bin;C:\Users\anpka\AppData\Local\JetBrains\Toolbox\scripts;

Yarn version: 
  1.22.19

Node version: 
  18.12.1

Platform: 
  win32 x64

Trace: 
  Error: getaddrinfo ENOTFOUND registry.yarnpkg.com
      at GetAddrInfoReqWrap.onlookup [as oncomplete] (node:dns:107:26)

npm manifest: 
  {
    "name": "e-learning-backend",
    "version": "1.0.0",
    "description": "",
    "main": "dist/index.js",
    "scripts": {
      "build": "rimraf dist && tsc && tsc-alias",
      "prestart": "npm run build",
      "start": "node dist/index.js",
      "dev": "tsnd --respawn -r tsconfig-paths/register --transpile-only index.ts"
    },
    "keywords": [],
    "author": "",
    "license": "ISC",
    "dependencies": {
      "axios": "^1.4.0",
      "bcryptjs": "^2.4.3",
      "cookie-parser": "^1.4.6",
      "cors": "^2.8.5",
      "dotenv": "^16.0.3",
      "express": "^4.18.2",
      "jsonwebtoken": "^9.0.0",
      "mongoose": "^7.2.0",
      "nodemailer": "^6.9.3",
      "path": "^0.12.7",
      "rimraf": "^5.0.1",
      "validator": "^13.9.0"
    },
    "devDependencies": {
      "@types/bcryptjs": "^2.4.2",
      "@types/cookie-parser": "^1.4.3",
      "@types/cors": "^2.8.13",
      "@types/express": "^4.17.17",
      "@types/jsonwebtoken": "^9.0.2",
      "@types/node": "^20.2.1",
      "@types/nodemailer": "^6.4.8",
      "@types/validator": "^13.7.17",
      "@typescript-eslint/eslint-plugin": "^5.59.6",
      "@typescript-eslint/parser": "^5.59.6",
      "eslint": "^8.40.0",
      "prettier": "2.8.8",
      "ts-node-dev": "^2.0.0",
      "tsc-alias": "^1.8.6",
      "tsconfig-paths": "^4.2.0",
      "typescript": "^5.0.4"
    }
  }

yarn manifest: 
  No manifest

Lockfile: 
  No lockfile
